[debug] [2022-07-11T09:32:55.311Z] ----------------------------------------------------------------------
[debug] [2022-07-11T09:32:55.313Z] Command:       C:\Program Files\nodejs\node.exe C:\Users\eKasi_TMB_COM00732\AppData\Roaming\npm\node_modules\firebase-tools\lib\bin\firebase.js init hosting:github
[debug] [2022-07-11T09:32:55.313Z] CLI Version:   11.2.1
[debug] [2022-07-11T09:32:55.313Z] Platform:      win32
[debug] [2022-07-11T09:32:55.313Z] Node Version:  v16.15.1
[debug] [2022-07-11T09:32:55.315Z] Time:          Mon Jul 11 2022 11:32:55 GMT+0200 (South Africa Standard Time)
[debug] [2022-07-11T09:32:55.315Z] ----------------------------------------------------------------------
[debug] 
[debug] [2022-07-11T09:32:55.378Z] > command requires scopes: ["email","openid","https://www.googleapis.com/auth/cloudplatformprojects.readonly","https://www.googleapis.com/auth/firebase","https://www.googleapis.com/auth/cloud-platform"]
[debug] [2022-07-11T09:32:55.378Z] > authorizing via signed-in user (hopewellmaome@gmail.com)
[info] 
     ######## #### ########  ######## ########     ###     ######  ########
     ##        ##  ##     ## ##       ##     ##  ##   ##  ##       ##
     ######    ##  ########  ######   ########  #########  ######  ######
     ##        ##  ##    ##  ##       ##     ## ##     ##       ## ##
     ##       #### ##     ## ######## ########  ##     ##  ######  ########

You're about to initialize a Firebase project in this directory:

  C:\Users\eKasi_TMB_COM00732\Desktop\employee-app

Before we get started, keep in mind:

  * You are initializing within an existing Firebase project directory

[info] 
=== Project Setup
[info] 
[info] First, let's associate this project directory with a Firebase project.
[info] You can create multiple project aliases by running firebase use --add, 
[info] but for now we'll just set up a default project.
[info] 
[debug] [2022-07-11T09:33:11.914Z] Using project from CLI flag: employee-app-d49b6
[debug] [2022-07-11T09:33:11.919Z] >>> [apiv2][query] GET https://firebase.googleapis.com/v1beta1/projects/employee-app-d49b6 [none]
[debug] [2022-07-11T09:33:18.853Z] <<< [apiv2][status] GET https://firebase.googleapis.com/v1beta1/projects/employee-app-d49b6 200
[debug] [2022-07-11T09:33:18.854Z] <<< [apiv2][body] GET https://firebase.googleapis.com/v1beta1/projects/employee-app-d49b6 {"projectId":"employee-app-d49b6","projectNumber":"161234040133","displayName":"Employee-app","name":"projects/employee-app-d49b6","resources":{"hostingSite":"employee-app-d49b6","storageBucket":"employee-app-d49b6.appspot.com","locationId":"us-central"},"state":"ACTIVE"}
[info] i  Using project employee-app-d49b6 (Employee-app) 
[info] 
=== Hosting:github Setup
[info] 
[info] i  Detected a .git folder at C:\Users\eKasi_TMB_COM00732\Desktop\employee-app 
[info] i  Authorizing with GitHub to upload your service account to a GitHub repository's secrets store. 
[info] 
[info] Visit this URL on this device to log in:
[info] https://github.com/login/oauth/authorize?client_id=89cf50f02ac6aaed3484&state=112779282&redirect_uri=http%3A%2F%2Flocalhost%3A9005&scope=read%3Auser%20repo%20public_repo
[info] 
[info] Waiting for authentication...
[debug] [2022-07-11T09:35:07.335Z] >>> [apiv2][query] POST https://github.com/login/oauth/access_token [none]
[debug] [2022-07-11T09:35:07.335Z] >>> [apiv2][body] POST https://github.com/login/oauth/access_token [stream]
[debug] [2022-07-11T09:35:08.327Z] <<< [apiv2][status] POST https://github.com/login/oauth/access_token 200
[debug] [2022-07-11T09:35:08.327Z] <<< [apiv2][body] POST https://github.com/login/oauth/access_token {"access_token":"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","token_type":"bearer","scope":"read:user,repo"}
[debug] [2022-07-11T09:35:08.342Z] >>> [apiv2][query] GET https://api.github.com/user [none]
[debug] [2022-07-11T09:35:09.359Z] <<< [apiv2][status] GET https://api.github.com/user 200
[debug] [2022-07-11T09:35:09.359Z] <<< [apiv2][body] GET https://api.github.com/user {"login":"TedHopewell","id":105056745,"node_id":"U_kgDOBkMJ6Q","avatar_url":"https://avatars.githubusercontent.com/u/105056745?v=4","gravatar_id":"","url":"https://api.github.com/users/TedHopewell","html_url":"https://github.com/TedHopewell","followers_url":"https://api.github.com/users/TedHopewell/followers","following_url":"https://api.github.com/users/TedHopewell/following{/other_user}","gists_url":"https://api.github.com/users/TedHopewell/gists{/gist_id}","starred_url":"https://api.github.com/users/TedHopewell/starred{/owner}{/repo}","subscriptions_url":"https://api.github.com/users/TedHopewell/subscriptions","organizations_url":"https://api.github.com/users/TedHopewell/orgs","repos_url":"https://api.github.com/users/TedHopewell/repos","events_url":"https://api.github.com/users/TedHopewell/events{/privacy}","received_events_url":"https://api.github.com/users/TedHopewell/received_events","type":"User","site_admin":false,"name":null,"company":null,"blog":"","location":null,"email":null,"hireable":null,"bio":null,"twitter_username":null,"public_repos":10,"public_gists":0,"followers":0,"following":0,"created_at":"2022-05-06T12:33:17Z","updated_at":"2022-06-15T08:24:54Z","private_gists":0,"total_private_repos":0,"owned_private_repos":0,"disk_usage":19786,"collaborators":0,"two_factor_authentication":false,"plan":{"name":"free","space":976562499,"collaborators":0,"private_repos":10000}}
[info] 
[info] +  Success! Logged into GitHub as TedHopewell 
[info] 
[debug] [2022-07-11T09:39:03.652Z] >>> [apiv2][query] GET https://api.github.com/repos/Ted Hopewell/Budget-app/actions/secrets/public-key type=owner
[debug] [2022-07-11T10:25:00.949Z] >>> [apiv2][query] GET https://api.github.com/repos/Ted Hopewell/Budget-app/actions/secrets/public-key type=owner
[debug] [2022-07-11T10:25:02.473Z] <<< [apiv2][status] GET https://api.github.com/repos/Ted Hopewell/Budget-app/actions/secrets/public-key 404
[debug] [2022-07-11T10:25:02.473Z] <<< [apiv2][body] GET https://api.github.com/repos/Ted Hopewell/Budget-app/actions/secrets/public-key {"message":"Not Found","documentation_url":"https://docs.github.com/rest/reference/actions#get-a-repository-public-key"}
